<?xml version="1.0" encoding="UTF-8"?>
<testsuite xmlns:xsi="http://www.w3.org/2001/XMLSchema-instance" xsi:noNamespaceSchemaLocation="https://maven.apache.org/surefire/maven-surefire-plugin/xsd/surefire-test-report-3.0.xsd" version="3.0" name="com.qa.saucedemo.runner.LocalRunner" time="9.346" tests="1" errors="0" skipped="0" failures="0">
  <properties>
[...]
</properties>
  <testcase name="SauceDemo Login Feature" classname="Lenskart feature" time="9.004">
    <system-out><![CDATA[
@SauceDemoSanity @test1 @smoke
Scenario: SauceDemo Login Feature                                          # src/test/java/com/qa/saucedemo/features/SauceDemo.feature:5
Run Before Scenario
Running test cases on environment: prod
Running test cases on environment: prod
ChromeDriver: chrome on windows (c417980cf0a8c8b2aa5eff316b061afa)
id=password
Running test cases on environment: prod
ChromeDriver: chrome on windows (c417980cf0a8c8b2aa5eff316b061afa)
  Given user launch the saucedemo application[UI]                          # com.qa.saucedemo.stepdefinitions.SauceDemo.launchApplication()
xpath=//input[@id='%s']
xpath=//input[@id='%s']
  When "standard_user" logged into the application with "secret_sauce"[UI] # com.qa.saucedemo.stepdefinitions.SauceDemo.login(java.lang.String,java.lang.String)
  Then I verify page title should be "Swag Labs"[UI]                       # com.qa.saucedemo.stepdefinitions.SauceDemo.verifyPageTitle(java.lang.String)
]]></system-out>
    <system-err><![CDATA[SLF4J(W): No SLF4J providers were found.
SLF4J(W): Defaulting to no-operation (NOP) logger implementation
SLF4J(W): See https://www.slf4j.org/codes.html#noProviders for further details.
]]></system-err>
  </testcase>
</testsuite>